# JRE version: OpenJDK Runtime Environment (7.0_65-b32) (build 1.7.0_65-b32)
# Java VM: OpenJDK Server VM (24.65-b04 mixed mode linux-x86 )
Heap
 PSYoungGen      total 266496K, used 11961K [0x9dd40000, 0xb08c0000, 0xb32c0000)
  eden space 247040K, 4% used [0x9dd40000,0x9e8ee6f8,0xace80000)
  from space 19456K, 0% used [0xace80000,0xace80000,0xae180000)
  to   space 26368K, 0% used [0xaef00000,0xaef00000,0xb08c0000)
 ParOldGen       total 41984K, used 41968K [0x732c0000, 0x75bc0000, 0x9dd40000)
  object space 41984K, 99% used [0x732c0000,0x75bbc290,0x75bc0000)
 PSPermGen       total 60928K, used 35075K [0x632c0000, 0x66e40000, 0x732c0000)
  object space 60928K, 57% used [0x632c0000,0x65500de8,0x66e40000)
GC Heap History (10 events):
Event: 4.763 GC heap after
Heap after GC invocations=6 (full 0):
 PSYoungGen      total 134656K, used 2846K [0x9dd40000, 0xa6840000, 0xb32c0000)
  eden space 126976K, 0% used [0x9dd40000,0x9dd40000,0xa5940000)
  from space 7680K, 37% used [0xa60c0000,0xa6387818,0xa6840000)
  to   space 7680K, 0% used [0xa5940000,0xa5940000,0xa60c0000)
 ParOldGen       total 41984K, used 10793K [0x732c0000, 0x75bc0000, 0x9dd40000)
  object space 41984K, 25% used [0x732c0000,0x73d4a6e0,0x75bc0000)
 PSPermGen       total 16384K, used 14165K [0x632c0000, 0x642c0000, 0x732c0000)
  object space 16384K, 86% used [0x632c0000,0x64095638,0x642c0000)
}
Event: 8.433 GC heap before
{Heap before GC invocations=7 (full 0):
 PSYoungGen      total 134656K, used 129822K [0x9dd40000, 0xa6840000, 0xb32c0000)
  eden space 126976K, 100% used [0x9dd40000,0xa5940000,0xa5940000)
  from space 7680K, 37% used [0xa60c0000,0xa6387818,0xa6840000)
  to   space 7680K, 0% used [0xa5940000,0xa5940000,0xa60c0000)
 ParOldGen       total 41984K, used 10793K [0x732c0000, 0x75bc0000, 0x9dd40000)
  object space 41984K, 25% used [0x732c0000,0x73d4a6e0,0x75bc0000)
 PSPermGen       total 20736K, used 20513K [0x632c0000, 0x64700000, 0x732c0000)
  object space 20736K, 98% used [0x632c0000,0x646c87f0,0x64700000)
Event: 8.456 GC heap after
Heap after GC invocations=7 (full 0):
 PSYoungGen      total 134656K, used 7671K [0x9dd40000, 0xaedc0000, 0xb32c0000)
  eden space 126976K, 0% used [0x9dd40000,0x9dd40000,0xa5940000)
  from space 7680K, 99% used [0xa5940000,0xa60bdfe0,0xa60c0000)
  to   space 12544K, 0% used [0xae180000,0xae180000,0xaedc0000)
 ParOldGen       total 41984K, used 17923K [0x732c0000, 0x75bc0000, 0x9dd40000)
  object space 41984K, 42% used [0x732c0000,0x74440d28,0x75bc0000)
 PSPermGen       total 20736K, used 20513K [0x632c0000, 0x64700000, 0x732c0000)
  object space 20736K, 98% used [0x632c0000,0x646c87f0,0x64700000)
}
Event: 12.604 GC heap before
{Heap before GC invocations=8 (full 0):
 PSYoungGen      total 134656K, used 134647K [0x9dd40000, 0xaedc0000, 0xb32c0000)
  eden space 126976K, 100% used [0x9dd40000,0xa5940000,0xa5940000)
  from space 7680K, 99% used [0xa5940000,0xa60bdfe0,0xa60c0000)
  to   space 12544K, 0% used [0xae180000,0xae180000,0xaedc0000)
 ParOldGen       total 41984K, used 17923K [0x732c0000, 0x75bc0000, 0x9dd40000)
  object space 41984K, 42% used [0x732c0000,0x74440d28,0x75bc0000)
 PSPermGen       total 24064K, used 23940K [0x632c0000, 0x64a40000, 0x732c0000)
  object space 24064K, 99% used [0x632c0000,0x64a212f0,0x64a40000)
Event: 12.651 GC heap after
Heap after GC invocations=8 (full 0):
 PSYoungGen      total 259584K, used 12540K [0x9dd40000, 0xafb40000, 0xb32c0000)
  eden space 247040K, 0% used [0x9dd40000,0x9dd40000,0xace80000)
  from space 12544K, 99% used [0xae180000,0xaedbf110,0xaedc0000)
  to   space 19456K, 0% used [0xace80000,0xace80000,0xae180000)
 ParOldGen       total 41984K, used 28702K [0x732c0000, 0x75bc0000, 0x9dd40000)
  object space 41984K, 68% used [0x732c0000,0x74ec7a00,0x75bc0000)
 PSPermGen       total 24064K, used 23940K [0x632c0000, 0x64a40000, 0x732c0000)
  object space 24064K, 99% used [0x632c0000,0x64a212f0,0x64a40000)
}
Event: 20.191 GC heap before
{Heap before GC invocations=9 (full 0):
 PSYoungGen      total 259584K, used 172430K [0x9dd40000, 0xafb40000, 0xb32c0000)
  eden space 247040K, 64% used [0x9dd40000,0xa79646f8,0xace80000)
  from space 12544K, 99% used [0xae180000,0xaedbf110,0xaedc0000)
  to   space 19456K, 0% used [0xace80000,0xace80000,0xae180000)
 ParOldGen       total 41984K, used 28702K [0x732c0000, 0x75bc0000, 0x9dd40000)
  object space 41984K, 68% used [0x732c0000,0x74ec7a00,0x75bc0000)
 PSPermGen       total 30464K, used 30403K [0x632c0000, 0x65080000, 0x732c0000)
  object space 30464K, 99% used [0x632c0000,0x65070f40,0x65080000)
Event: 20.236 GC heap after
Heap after GC invocations=9 (full 0):
 PSYoungGen      total 266496K, used 19445K [0x9dd40000, 0xb08c0000, 0xb32c0000)
  eden space 247040K, 0% used [0x9dd40000,0x9dd40000,0xace80000)
  from space 19456K, 99% used [0xace80000,0xae17d698,0xae180000)
  to   space 26368K, 0% used [0xaef00000,0xaef00000,0xb08c0000)
 ParOldGen       total 41984K, used 37402K [0x732c0000, 0x75bc0000, 0x9dd40000)
  object space 41984K, 89% used [0x732c0000,0x757468f8,0x75bc0000)
 PSPermGen       total 30464K, used 30403K [0x632c0000, 0x65080000, 0x732c0000)
  object space 30464K, 99% used [0x632c0000,0x65070f40,0x65080000)
}
Event: 20.236 GC heap before
{Heap before GC invocations=10 (full 1):
 PSYoungGen      total 266496K, used 19445K [0x9dd40000, 0xb08c0000, 0xb32c0000)
  eden space 247040K, 0% used [0x9dd40000,0x9dd40000,0xace80000)
  from space 19456K, 99% used [0xace80000,0xae17d698,0xae180000)
  to   space 26368K, 0% used [0xaef00000,0xaef00000,0xb08c0000)
 ParOldGen       total 41984K, used 37402K [0x732c0000, 0x75bc0000, 0x9dd40000)
  object space 41984K, 89% used [0x732c0000,0x757468f8,0x75bc0000)
 PSPermGen       total 30464K, used 30403K [0x632c0000, 0x65080000, 0x732c0000)
  object space 30464K, 99% used [0x632c0000,0x65070f40,0x65080000)
Event: 20.549 GC heap after
Heap after GC invocations=10 (full 1):
 PSYoungGen      total 266496K, used 6013K [0x9dd40000, 0xb08c0000, 0xb32c0000)
  eden space 247040K, 0% used [0x9dd40000,0x9dd40000,0xace80000)
  from space 19456K, 30% used [0xace80000,0xad45f688,0xae180000)
  to   space 26368K, 0% used [0xaef00000,0xaef00000,0xb08c0000)
 ParOldGen       total 41984K, used 41823K [0x732c0000, 0x75bc0000, 0x9dd40000)
  object space 41984K, 99% used [0x732c0000,0x75b97cc8,0x75bc0000)
 PSPermGen       total 60928K, used 30361K [0x632c0000, 0x66e40000, 0x732c0000)
  object space 60928K, 49% used [0x632c0000,0x65066658,0x66e40000)
}
Event: 254.061 GC heap before
{Heap before GC invocations=11 (full 2):
 PSYoungGen      total 266496K, used 253053K [0x9dd40000, 0xb08c0000, 0xb32c0000)
  eden space 247040K, 100% used [0x9dd40000,0xace80000,0xace80000)
  from space 19456K, 30% used [0xace80000,0xad45f688,0xae180000)
  to   space 26368K, 0% used [0xaef00000,0xaef00000,0xb08c0000)
 ParOldGen       total 41984K, used 41823K [0x732c0000, 0x75bc0000, 0x9dd40000)
  object space 41984K, 99% used [0x732c0000,0x75b97cc8,0x75bc0000)
 PSPermGen       total 60928K, used 35079K [0x632c0000, 0x66e40000, 0x732c0000)
  object space 60928K, 57% used [0x632c0000,0x65501ea0,0x66e40000)

