# JRE version: OpenJDK Runtime Environment (7.0_65-b32) (build 1.7.0_65-b32)
# Java VM: OpenJDK Server VM (24.65-b04 mixed mode linux-x86 )
Heap
 PSYoungGen      total 138240K, used 12794K [0x9ddc0000, 0xa74c0000, 0xb3340000)
  eden space 125440K, 0% used [0x9ddc0000,0x9ddc0000,0xa5840000)
  from space 12800K, 99% used [0xa5840000,0xa64be9f8,0xa64c0000)
  to   space 9216K, 0% used [0xa64c0000,0xa64c0000,0xa6dc0000)
 ParOldGen       total 41984K, used 32162K [0x73340000, 0x75c40000, 0x9ddc0000)
  object space 41984K, 76% used [0x73340000,0x752a8a98,0x75c40000)
 PSPermGen       total 29184K, used 28968K [0x63340000, 0x64fc0000, 0x73340000)
  object space 29184K, 99% used [0x63340000,0x64f8a050,0x64fc0000)
GC Heap History (10 events):
Event: 7.818 GC heap after
Heap after GC invocations=10 (full 0):
 PSYoungGen      total 56832K, used 336K [0x9ddc0000, 0xa1c00000, 0xb3340000)
  eden space 50688K, 0% used [0x9ddc0000,0x9ddc0000,0xa0f40000)
  from space 6144K, 5% used [0xa1580000,0xa15d4000,0xa1b80000)
  to   space 6400K, 0% used [0xa0f40000,0xa0f40000,0xa1580000)
 ParOldGen       total 41984K, used 10329K [0x73340000, 0x75c40000, 0x9ddc0000)
  object space 41984K, 24% used [0x73340000,0x73d56550,0x75c40000)
 PSPermGen       total 16384K, used 14163K [0x63340000, 0x64340000, 0x73340000)
  object space 16384K, 86% used [0x63340000,0x64114d20,0x64340000)
}
Event: 8.205 GC heap before
{Heap before GC invocations=11 (full 0):
 PSYoungGen      total 56832K, used 51024K [0x9ddc0000, 0xa1c00000, 0xb3340000)
  eden space 50688K, 100% used [0x9ddc0000,0xa0f40000,0xa0f40000)
  from space 6144K, 5% used [0xa1580000,0xa15d4000,0xa1b80000)
  to   space 6400K, 0% used [0xa0f40000,0xa0f40000,0xa1580000)
 ParOldGen       total 41984K, used 10329K [0x73340000, 0x75c40000, 0x9ddc0000)
  object space 41984K, 24% used [0x73340000,0x73d56550,0x75c40000)
 PSPermGen       total 16384K, used 15619K [0x63340000, 0x64340000, 0x73340000)
  object space 16384K, 95% used [0x63340000,0x64280d70,0x64340000)
Event: 8.210 GC heap after
Heap after GC invocations=11 (full 0):
 PSYoungGen      total 57088K, used 2144K [0x9ddc0000, 0xa3980000, 0xb3340000)
  eden space 50688K, 0% used [0x9ddc0000,0x9ddc0000,0xa0f40000)
  from space 6400K, 33% used [0xa0f40000,0xa11580b0,0xa1580000)
  to   space 6400K, 0% used [0xa3340000,0xa3340000,0xa3980000)
 ParOldGen       total 41984K, used 10635K [0x73340000, 0x75c40000, 0x9ddc0000)
  object space 41984K, 25% used [0x73340000,0x73da2df0,0x75c40000)
 PSPermGen       total 16384K, used 15619K [0x63340000, 0x64340000, 0x73340000)
  object space 16384K, 95% used [0x63340000,0x64280d70,0x64340000)
}
Event: 9.110 GC heap before
{Heap before GC invocations=12 (full 0):
 PSYoungGen      total 57088K, used 52832K [0x9ddc0000, 0xa3980000, 0xb3340000)
  eden space 50688K, 100% used [0x9ddc0000,0xa0f40000,0xa0f40000)
  from space 6400K, 33% used [0xa0f40000,0xa11580b0,0xa1580000)
  to   space 6400K, 0% used [0xa3340000,0xa3340000,0xa3980000)
 ParOldGen       total 41984K, used 10635K [0x73340000, 0x75c40000, 0x9ddc0000)
  object space 41984K, 25% used [0x73340000,0x73da2df0,0x75c40000)
 PSPermGen       total 17664K, used 17514K [0x63340000, 0x64480000, 0x73340000)
  object space 17664K, 99% used [0x63340000,0x6445a8f8,0x64480000)
Event: 9.122 GC heap after
Heap after GC invocations=12 (full 0):
 PSYoungGen      total 87040K, used 5517K [0x9ddc0000, 0xa3a80000, 0xb3340000)
  eden space 80640K, 0% used [0x9ddc0000,0x9ddc0000,0xa2c80000)
  from space 6400K, 86% used [0xa3340000,0xa38a37c0,0xa3980000)
  to   space 6912K, 0% used [0xa2c80000,0xa2c80000,0xa3340000)
 ParOldGen       total 41984K, used 11883K [0x73340000, 0x75c40000, 0x9ddc0000)
  object space 41984K, 28% used [0x73340000,0x73edad98,0x75c40000)
 PSPermGen       total 17664K, used 17514K [0x63340000, 0x64480000, 0x73340000)
  object space 17664K, 99% used [0x63340000,0x6445a8f8,0x64480000)
}
Event: 12.204 GC heap before
{Heap before GC invocations=13 (full 0):
 PSYoungGen      total 87040K, used 86157K [0x9ddc0000, 0xa3a80000, 0xb3340000)
  eden space 80640K, 100% used [0x9ddc0000,0xa2c80000,0xa2c80000)
  from space 6400K, 86% used [0xa3340000,0xa38a37c0,0xa3980000)
  to   space 6912K, 0% used [0xa2c80000,0xa2c80000,0xa3340000)
 ParOldGen       total 41984K, used 11883K [0x73340000, 0x75c40000, 0x9ddc0000)
  object space 41984K, 28% used [0x73340000,0x73edad98,0x75c40000)
 PSPermGen       total 21504K, used 21377K [0x63340000, 0x64840000, 0x73340000)
  object space 21504K, 99% used [0x63340000,0x64820708,0x64840000)
Event: 12.222 GC heap after
Heap after GC invocations=13 (full 0):
 PSYoungGen      total 87552K, used 6908K [0x9ddc0000, 0xa6dc0000, 0xb3340000)
  eden space 80640K, 0% used [0x9ddc0000,0x9ddc0000,0xa2c80000)
  from space 6912K, 99% used [0xa2c80000,0xa333f1e8,0xa3340000)
  to   space 9216K, 0% used [0xa64c0000,0xa64c0000,0xa6dc0000)
 ParOldGen       total 41984K, used 15486K [0x73340000, 0x75c40000, 0x9ddc0000)
  object space 41984K, 36% used [0x73340000,0x7425f820,0x75c40000)
 PSPermGen       total 21504K, used 21377K [0x63340000, 0x64840000, 0x73340000)
  object space 21504K, 99% used [0x63340000,0x64820708,0x64840000)
}
Event: 14.331 GC heap before
{Heap before GC invocations=14 (full 0):
 PSYoungGen      total 87552K, used 87548K [0x9ddc0000, 0xa6dc0000, 0xb3340000)
  eden space 80640K, 100% used [0x9ddc0000,0xa2c80000,0xa2c80000)
  from space 6912K, 99% used [0xa2c80000,0xa333f1e8,0xa3340000)
  to   space 9216K, 0% used [0xa64c0000,0xa64c0000,0xa6dc0000)
 ParOldGen       total 41984K, used 15486K [0x73340000, 0x75c40000, 0x9ddc0000)
  object space 41984K, 36% used [0x73340000,0x7425f820,0x75c40000)
 PSPermGen       total 23552K, used 23531K [0x63340000, 0x64a40000, 0x73340000)
  object space 23552K, 99% used [0x63340000,0x64a3ac58,0x64a40000)
Event: 14.377 GC heap after
Heap after GC invocations=14 (full 0):
 PSYoungGen      total 134656K, used 9200K [0x9ddc0000, 0xa74c0000, 0xb3340000)
  eden space 125440K, 0% used [0x9ddc0000,0x9ddc0000,0xa5840000)
  from space 9216K, 99% used [0xa64c0000,0xa6dbc110,0xa6dc0000)
  to   space 12800K, 0% used [0xa5840000,0xa5840000,0xa64c0000)
 ParOldGen       total 41984K, used 21071K [0x73340000, 0x75c40000, 0x9ddc0000)
  object space 41984K, 50% used [0x73340000,0x747d3c70,0x75c40000)
 PSPermGen       total 23552K, used 23531K [0x63340000, 0x64a40000, 0x73340000)
  object space 23552K, 99% used [0x63340000,0x64a3ac58,0x64a40000)
}
Event: 20.059 GC heap before
{Heap before GC invocations=15 (full 0):
 PSYoungGen      total 134656K, used 134640K [0x9ddc0000, 0xa74c0000, 0xb3340000)
  eden space 125440K, 100% used [0x9ddc0000,0xa5840000,0xa5840000)
  from space 9216K, 99% used [0xa64c0000,0xa6dbc110,0xa6dc0000)
  to   space 12800K, 0% used [0xa5840000,0xa5840000,0xa64c0000)
 ParOldGen       total 41984K, used 21071K [0x73340000, 0x75c40000, 0x9ddc0000)
  object space 41984K, 50% used [0x73340000,0x747d3c70,0x75c40000)
 PSPermGen       total 29184K, used 28968K [0x63340000, 0x64fc0000, 0x73340000)
  object space 29184K, 99% used [0x63340000,0x64f8a050,0x64fc0000)

