# JRE version: OpenJDK Runtime Environment (7.0_65-b32) (build 1.7.0_65-b32)
# Java VM: OpenJDK Server VM (24.65-b04 mixed mode linux-x86 )
Heap
 PSYoungGen      total 171008K, used 15091K [0x9ddc0000, 0xa97c0000, 0xb3340000)
  eden space 155904K, 0% used [0x9ddc0000,0x9ddc0000,0xa7600000)
  from space 15104K, 99% used [0xa8900000,0xa97bcea0,0xa97c0000)
  to   space 15360K, 0% used [0xa7600000,0xa7600000,0xa8500000)
 ParOldGen       total 41984K, used 33003K [0x73340000, 0x75c40000, 0x9ddc0000)
  object space 41984K, 78% used [0x73340000,0x7537add0,0x75c40000)
 PSPermGen       total 55552K, used 30978K [0x63340000, 0x66980000, 0x73340000)
  object space 55552K, 55% used [0x63340000,0x65180870,0x66980000)
GC Heap History (10 events):
Event: 12.354 GC heap after
Heap after GC invocations=10 (full 0):
 PSYoungGen      total 106240K, used 6132K [0x9ddc0000, 0xa5000000, 0xb3340000)
  eden space 100096K, 0% used [0x9ddc0000,0x9ddc0000,0xa3f80000)
  from space 6144K, 99% used [0xa4700000,0xa4cfd300,0xa4d00000)
  to   space 7680K, 0% used [0xa3f80000,0xa3f80000,0xa4700000)
 ParOldGen       total 41984K, used 11409K [0x73340000, 0x75c40000, 0x9ddc0000)
  object space 41984K, 27% used [0x73340000,0x73e64790,0x75c40000)
 PSPermGen       total 17408K, used 17217K [0x63340000, 0x64440000, 0x73340000)
  object space 17408K, 98% used [0x63340000,0x644106e0,0x64440000)
}
Event: 16.419 GC heap before
{Heap before GC invocations=11 (full 0):
 PSYoungGen      total 106240K, used 106228K [0x9ddc0000, 0xa5000000, 0xb3340000)
  eden space 100096K, 100% used [0x9ddc0000,0xa3f80000,0xa3f80000)
  from space 6144K, 99% used [0xa4700000,0xa4cfd300,0xa4d00000)
  to   space 7680K, 0% used [0xa3f80000,0xa3f80000,0xa4700000)
 ParOldGen       total 41984K, used 11409K [0x73340000, 0x75c40000, 0x9ddc0000)
  object space 41984K, 27% used [0x73340000,0x73e64790,0x75c40000)
 PSPermGen       total 21760K, used 21676K [0x63340000, 0x64880000, 0x73340000)
  object space 21760K, 99% used [0x63340000,0x6486b198,0x64880000)
Event: 16.498 GC heap after
Heap after GC invocations=11 (full 0):
 PSYoungGen      total 107776K, used 7674K [0x9ddc0000, 0xa8fc0000, 0xb3340000)
  eden space 100096K, 0% used [0x9ddc0000,0x9ddc0000,0xa3f80000)
  from space 7680K, 99% used [0xa3f80000,0xa46fea20,0xa4700000)
  to   space 11008K, 0% used [0xa8500000,0xa8500000,0xa8fc0000)
 ParOldGen       total 41984K, used 17941K [0x73340000, 0x75c40000, 0x9ddc0000)
  object space 41984K, 42% used [0x73340000,0x744c55f8,0x75c40000)
 PSPermGen       total 21760K, used 21676K [0x63340000, 0x64880000, 0x73340000)
  object space 21760K, 99% used [0x63340000,0x6486b198,0x64880000)
}
Event: 19.673 GC heap before
{Heap before GC invocations=12 (full 0):
 PSYoungGen      total 107776K, used 107770K [0x9ddc0000, 0xa8fc0000, 0xb3340000)
  eden space 100096K, 100% used [0x9ddc0000,0xa3f80000,0xa3f80000)
  from space 7680K, 99% used [0xa3f80000,0xa46fea20,0xa4700000)
  to   space 11008K, 0% used [0xa8500000,0xa8500000,0xa8fc0000)
 ParOldGen       total 41984K, used 17941K [0x73340000, 0x75c40000, 0x9ddc0000)
  object space 41984K, 42% used [0x73340000,0x744c55f8,0x75c40000)
 PSPermGen       total 24320K, used 24149K [0x63340000, 0x64b00000, 0x73340000)
  object space 24320K, 99% used [0x63340000,0x64ad5518,0x64b00000)
Event: 19.772 GC heap after
Heap after GC invocations=12 (full 0):
 PSYoungGen      total 166912K, used 10997K [0x9ddc0000, 0xa9840000, 0xb3340000)
  eden space 155904K, 0% used [0x9ddc0000,0x9ddc0000,0xa7600000)
  from space 11008K, 99% used [0xa8500000,0xa8fbd6d0,0xa8fc0000)
  to   space 15360K, 0% used [0xa7600000,0xa7600000,0xa8500000)
 ParOldGen       total 41984K, used 25297K [0x73340000, 0x75c40000, 0x9ddc0000)
  object space 41984K, 60% used [0x73340000,0x74bf47e8,0x75c40000)
 PSPermGen       total 24320K, used 24149K [0x63340000, 0x64b00000, 0x73340000)
  object space 24320K, 99% used [0x63340000,0x64ad5518,0x64b00000)
}
Event: 27.014 GC heap before
{Heap before GC invocations=13 (full 0):
 PSYoungGen      total 166912K, used 112748K [0x9ddc0000, 0xa9840000, 0xb3340000)
  eden space 155904K, 65% used [0x9ddc0000,0xa411db70,0xa7600000)
  from space 11008K, 99% used [0xa8500000,0xa8fbd6d0,0xa8fc0000)
  to   space 15360K, 0% used [0xa7600000,0xa7600000,0xa8500000)
 ParOldGen       total 41984K, used 25297K [0x73340000, 0x75c40000, 0x9ddc0000)
  object space 41984K, 60% used [0x73340000,0x74bf47e8,0x75c40000)
 PSPermGen       total 27904K, used 27684K [0x63340000, 0x64e80000, 0x73340000)
  object space 27904K, 99% used [0x63340000,0x64e49150,0x64e80000)
Event: 27.088 GC heap after
Heap after GC invocations=13 (full 0):
 PSYoungGen      total 171264K, used 8140K [0x9ddc0000, 0xa97c0000, 0xb3340000)
  eden space 155904K, 0% used [0x9ddc0000,0x9ddc0000,0xa7600000)
  from space 15360K, 53% used [0xa7600000,0xa7df3348,0xa8500000)
  to   space 15104K, 0% used [0xa8900000,0xa8900000,0xa97c0000)
 ParOldGen       total 41984K, used 35538K [0x73340000, 0x75c40000, 0x9ddc0000)
  object space 41984K, 84% used [0x73340000,0x755f4b80,0x75c40000)
 PSPermGen       total 27904K, used 27684K [0x63340000, 0x64e80000, 0x73340000)
  object space 27904K, 99% used [0x63340000,0x64e49150,0x64e80000)
}
Event: 27.088 GC heap before
{Heap before GC invocations=14 (full 1):
 PSYoungGen      total 171264K, used 8140K [0x9ddc0000, 0xa97c0000, 0xb3340000)
  eden space 155904K, 0% used [0x9ddc0000,0x9ddc0000,0xa7600000)
  from space 15360K, 53% used [0xa7600000,0xa7df3348,0xa8500000)
  to   space 15104K, 0% used [0xa8900000,0xa8900000,0xa97c0000)
 ParOldGen       total 41984K, used 35538K [0x73340000, 0x75c40000, 0x9ddc0000)
  object space 41984K, 84% used [0x73340000,0x755f4b80,0x75c40000)
 PSPermGen       total 27904K, used 27684K [0x63340000, 0x64e80000, 0x73340000)
  object space 27904K, 99% used [0x63340000,0x64e49150,0x64e80000)
Event: 27.484 GC heap after
Heap after GC invocations=14 (full 1):
 PSYoungGen      total 171264K, used 0K [0x9ddc0000, 0xa97c0000, 0xb3340000)
  eden space 155904K, 0% used [0x9ddc0000,0x9ddc0000,0xa7600000)
  from space 15360K, 0% used [0xa7600000,0xa7600000,0xa8500000)
  to   space 15104K, 0% used [0xa8900000,0xa8900000,0xa97c0000)
 ParOldGen       total 41984K, used 32964K [0x73340000, 0x75c40000, 0x9ddc0000)
  object space 41984K, 78% used [0x73340000,0x753713e0,0x75c40000)
 PSPermGen       total 55552K, used 27645K [0x63340000, 0x66980000, 0x73340000)
  object space 55552K, 49% used [0x63340000,0x64e3f468,0x66980000)
}
Event: 239.805 GC heap before
{Heap before GC invocations=15 (full 1):
 PSYoungGen      total 171264K, used 155904K [0x9ddc0000, 0xa97c0000, 0xb3340000)
  eden space 155904K, 100% used [0x9ddc0000,0xa7600000,0xa7600000)
  from space 15360K, 0% used [0xa7600000,0xa7600000,0xa8500000)
  to   space 15104K, 0% used [0xa8900000,0xa8900000,0xa97c0000)
 ParOldGen       total 41984K, used 32964K [0x73340000, 0x75c40000, 0x9ddc0000)
  object space 41984K, 78% used [0x73340000,0x753713e0,0x75c40000)
 PSPermGen       total 55552K, used 30978K [0x63340000, 0x66980000, 0x73340000)
  object space 55552K, 55% used [0x63340000,0x65180870,0x66980000)

